<?xml version="1.0" encoding="UTF-8"?>
<!-- Generated by org.testng.reporters.JUnitXMLReporter -->
<testsuite hostname="LGDN14520-W7D01" name="Command line test" tests="13" failures="0" timestamp="29 Jun 2017 07:50:47 GMT" time="0.157" errors="0">
  <testcase name="testSlackPayloadBranchEscapeLtGt" time="0.022" classname="com.enlivenhq.teamcity.SlackPayloadTest"/>
  <testcase name="testSlackPayloadBtIdEscapeLtGt" time="0.0" classname="com.enlivenhq.teamcity.SlackPayloadTest"/>
  <testcase name="testSlackPayloadBuildEscapeLtGt" time="0.001" classname="com.enlivenhq.teamcity.SlackPayloadTest"/>
  <testcase name="testSlackPayloadDoesNotRequiresUserAndChannel" time="0.001" classname="com.enlivenhq.teamcity.SlackPayloadTest"/>
  <testcase name="testSlackPayloadIsUpdatedWithChannel" time="0.0" classname="com.enlivenhq.teamcity.SlackPayloadTest"/>
  <testcase name="testSlackPayloadIsUpdatedWithUsername" time="0.0" classname="com.enlivenhq.teamcity.SlackPayloadTest"/>
  <testcase name="testSlackPayloadProjectEscapeLtGt" time="0.001" classname="com.enlivenhq.teamcity.SlackPayloadTest"/>
  <testcase name="testSlackPayloadStatusEscapeNewline" time="0.0" classname="com.enlivenhq.teamcity.SlackPayloadTest"/>
  <testcase name="testSlackPayloadStatusTextEscapeLtGt" time="0.0" classname="com.enlivenhq.teamcity.SlackPayloadTest"/>
  <testcase name="testSlackPayloadUsesAttachmentByDefault" time="0.0" classname="com.enlivenhq.teamcity.SlackPayloadTest"/>
  <testcase name="testSlackPayloadWithoutAttachment" time="0.0" classname="com.enlivenhq.teamcity.SlackPayloadTest"/>
  <testcase name="testSlackWrapperDoesNotUseAttachmentWhenToldSo" time="0.099" classname="com.enlivenhq.slack.SlackWrapperTest"/>
  <testcase name="testSlackWrapperUsesAttachmentByDefault" time="0.006" classname="com.enlivenhq.slack.SlackWrapperTest"/>
</testsuite> <!-- Command line test -->
